\BOOKMARK [0][]{chapter.6}{1 Einleitung und Intention}{}% 1
\BOOKMARK [1][]{section.7}{1.1 Ziel dieser Arbeit}{chapter.6}% 2
\BOOKMARK [0][]{chapter.8}{2 Internet of Things}{}% 3
\BOOKMARK [1][]{section.10}{2.1 Geschichte}{chapter.8}% 4
\BOOKMARK [1][]{section.14}{2.2 Ziele}{chapter.8}% 5
\BOOKMARK [1][]{section.15}{2.3 Do It Yourself - Trend}{chapter.8}% 6
\BOOKMARK [1][]{section.20}{2.4 Sicherheitsaspekte}{chapter.8}% 7
\BOOKMARK [0][]{chapter.21}{3 Theoretische Grundlagen}{}% 8
\BOOKMARK [1][]{section.22}{3.1 Wireless Sensor Networks}{chapter.21}% 9
\BOOKMARK [2][]{subsection.23}{3.1.1 Ubiquit\344res Rechnen}{section.22}% 10
\BOOKMARK [2][]{subsection.24}{3.1.2 Motivation von Sensornetzen}{section.22}% 11
\BOOKMARK [2][]{subsection.26}{3.1.3 Bestandteile}{section.22}% 12
\BOOKMARK [2][]{subsection.27}{3.1.4 Topologien}{section.22}% 13
\BOOKMARK [2][]{subsection.32}{3.1.5 Schwierigkeiten}{section.22}% 14
\BOOKMARK [2][]{subsection.33}{3.1.6 Adhoc-Netzwerke}{section.22}% 15
\BOOKMARK [2][]{subsection.34}{3.1.7 IEEE 802.15.4}{section.22}% 16
\BOOKMARK [1][]{section.35}{3.2 SunSPOT}{chapter.21}% 17
\BOOKMARK [2][]{subsection.37}{3.2.1 Technische Daten}{section.35}% 18
\BOOKMARK [0][]{chapter.38}{4 Praktische Arbeiten mit SunSPOT}{}% 19
\BOOKMARK [1][]{section.42}{4.1 Erste Schritte}{chapter.38}% 20
\BOOKMARK [1][]{section.43}{4.2 Implementierung einer Raum\374berwachung}{chapter.38}% 21
\BOOKMARK [2][]{subsection.44}{4.2.1 Idee}{section.43}% 22
\BOOKMARK [2][]{subsection.45}{4.2.2 Visualisierung der Information}{section.43}% 23
\BOOKMARK [0][]{chapter.46}{5 Zusammenfassung}{}% 24
\BOOKMARK [0][]{appendix*.47}{Literaturverzeichnis}{}% 25
